<?xml version="1.0" encoding="UTF-8"?>
<robot generator="Robot 3.2.2 (Python 3.9.0 on win32)" generated="20210324 20:21:44.468" rpa="false">
<suite id="s1" name="Tests" source="C:\Users\User\Desktop\Teste Stefanini\TesteCadastroDeUsuarios\Tests">
<suite id="s1-s1" name="CasosDeTesteCadastroDeUsuariosBDD" source="C:\Users\User\Desktop\Teste Stefanini\TesteCadastroDeUsuarios\Tests\CasosDeTesteCadastroDeUsuariosBDD.robot">
<test id="s1-s1-t1" name="Cenário 04: Cadastrar usuário com o campo Senha vazio">
<kw name="Abrir navegador" library="Resource" type="setup">
<kw name="Open Browser" library="SeleniumLibrary">
<doc>Opens a new browser instance to the optional ``url``.</doc>
<arguments>
<arg>about:blank</arg>
<arg>${BROWSER}</arg>
</arguments>
<msg timestamp="20210324 20:21:44.955" level="INFO">Opening browser 'chrome' to base url 'about:blank'.</msg>
<status status="PASS" starttime="20210324 20:21:44.954" endtime="20210324 20:21:46.530"></status>
</kw>
<kw name="Maximize Browser Window" library="SeleniumLibrary">
<doc>Maximizes current browser window.</doc>
<status status="PASS" starttime="20210324 20:21:46.530" endtime="20210324 20:21:46.650"></status>
</kw>
<status status="PASS" starttime="20210324 20:21:44.953" endtime="20210324 20:21:46.651"></status>
</kw>
<kw name="Dado que cadastrarei um usuário sem preencher o campo Senha" library="BDDpt-br">
<kw name="Run Keyword" library="BuiltIn">
<doc>Executes the given keyword with the given arguments.</doc>
<arguments>
<arg>${Keyword}</arg>
</arguments>
<kw name="Que cadastrarei um usuário sem preencher o campo Senha" library="CadastrarUsuarioSenhaVazio">
<kw name="Acessar tela de Cadastros de usuários" library="Resource">
<kw name="Sleep" library="BuiltIn">
<doc>Pauses the test executed for the given time.</doc>
<arguments>
<arg>${TEMPO}</arg>
</arguments>
<msg timestamp="20210324 20:21:49.657" level="INFO">Slept 3 seconds</msg>
<status status="PASS" starttime="20210324 20:21:46.655" endtime="20210324 20:21:49.657"></status>
</kw>
<kw name="Go To" library="SeleniumLibrary">
<doc>Navigates the current browser window to the provided ``url``.</doc>
<arguments>
<arg>${HOME_URL}</arg>
</arguments>
<msg timestamp="20210324 20:21:49.658" level="INFO">Opening url 'http://prova.stefanini-jgr.com.br/teste/qa/'</msg>
<status status="PASS" starttime="20210324 20:21:49.657" endtime="20210324 20:21:50.880"></status>
</kw>
<kw name="Capture Page Screenshot" library="SeleniumLibrary">
<doc>Takes a screenshot of the current page and embeds it into a log file.</doc>
<arguments>
<arg>CT_01_Tela_Cadastro_de_usuários_01.png</arg>
</arguments>
<msg timestamp="20210324 20:21:51.450" level="INFO" html="yes">&lt;/td&gt;&lt;/tr&gt;&lt;tr&gt;&lt;td colspan="3"&gt;&lt;a href="CT_01_Tela_Cadastro_de_usu%C3%A1rios_01.png"&gt;&lt;img src="CT_01_Tela_Cadastro_de_usu%C3%A1rios_01.png" width="800px"&gt;&lt;/a&gt;</msg>
<status status="PASS" starttime="20210324 20:21:50.880" endtime="20210324 20:21:51.450"></status>
</kw>
<status status="PASS" starttime="20210324 20:21:46.655" endtime="20210324 20:21:51.450"></status>
</kw>
<status status="PASS" starttime="20210324 20:21:46.654" endtime="20210324 20:21:51.451"></status>
</kw>
<status status="PASS" starttime="20210324 20:21:46.653" endtime="20210324 20:21:51.451"></status>
</kw>
<status status="PASS" starttime="20210324 20:21:46.652" endtime="20210324 20:21:51.451"></status>
</kw>
<kw name="Quando limpo o campo Senha deixando vazio" library="BDDpt-br">
<kw name="Run Keyword" library="BuiltIn">
<doc>Executes the given keyword with the given arguments.</doc>
<arguments>
<arg>${Keyword}</arg>
</arguments>
<kw name="Limpo o campo Senha deixando vazio" library="CadastrarUsuarioSenhaVazio">
<kw name="Limpar campo Senha" library="Resource">
<kw name="Clear Element Text" library="SeleniumLibrary">
<doc>Clears the value of the text-input-element identified by ``locator``.</doc>
<arguments>
<arg>${CAMPO_SENHA}</arg>
</arguments>
<status status="PASS" starttime="20210324 20:21:51.456" endtime="20210324 20:21:51.532"></status>
</kw>
<status status="PASS" starttime="20210324 20:21:51.456" endtime="20210324 20:21:51.532"></status>
</kw>
<status status="PASS" starttime="20210324 20:21:51.455" endtime="20210324 20:21:51.532"></status>
</kw>
<status status="PASS" starttime="20210324 20:21:51.454" endtime="20210324 20:21:51.532"></status>
</kw>
<status status="PASS" starttime="20210324 20:21:51.453" endtime="20210324 20:21:51.532"></status>
</kw>
<kw name="E preencho os campos Nome e E-mail" library="BDDpt-br">
<kw name="Run Keyword" library="BuiltIn">
<doc>Executes the given keyword with the given arguments.</doc>
<arguments>
<arg>${Keyword}</arg>
</arguments>
<kw name="Preencho os campos Nome e E-mail" library="CadastrarUsuarioSenhaVazio">
<kw name="Preencher os campos Nome e E-mail" library="Resource">
<kw name="Input Text" library="SeleniumLibrary">
<doc>Types the given ``text`` into the text field identified by ``locator``.</doc>
<arguments>
<arg>${CAMPO_NOME}</arg>
<arg>@{USER_UM_NOME_COMPLETO}</arg>
</arguments>
<msg timestamp="20210324 20:21:51.537" level="INFO">Typing text 'Fabiano Bernardo Bissoli' into text field 'xpath=//*[@id="name"]'.</msg>
<status status="PASS" starttime="20210324 20:21:51.536" endtime="20210324 20:21:51.719"></status>
</kw>
<kw name="Input Text" library="SeleniumLibrary">
<doc>Types the given ``text`` into the text field identified by ``locator``.</doc>
<arguments>
<arg>${CAMPO_E-MAIL}</arg>
<arg>@{E-MAIL_COMPLETO}</arg>
</arguments>
<msg timestamp="20210324 20:21:51.720" level="INFO">Typing text 'fabiano.bissoli@email.com' into text field 'xpath=//*[@id="email"]'.</msg>
<status status="PASS" starttime="20210324 20:21:51.720" endtime="20210324 20:21:51.889"></status>
</kw>
<status status="PASS" starttime="20210324 20:21:51.536" endtime="20210324 20:21:51.889"></status>
</kw>
<status status="PASS" starttime="20210324 20:21:51.535" endtime="20210324 20:21:51.889"></status>
</kw>
<status status="PASS" starttime="20210324 20:21:51.534" endtime="20210324 20:21:51.889"></status>
</kw>
<status status="PASS" starttime="20210324 20:21:51.533" endtime="20210324 20:21:51.889"></status>
</kw>
<kw name="E clico no botão Cadastrar com o campo Senha vazio" library="BDDpt-br">
<kw name="Run Keyword" library="BuiltIn">
<doc>Executes the given keyword with the given arguments.</doc>
<arguments>
<arg>${Keyword}</arg>
</arguments>
<kw name="Clico no botão Cadastrar com o campo Senha vazio" library="CadastrarUsuarioSenhaVazio">
<kw name="Clicar no botão Cadastrar" library="Resource">
<kw name="Click Element" library="SeleniumLibrary">
<doc>Click the element identified by ``locator``.</doc>
<arguments>
<arg>${BTN_CADASTRAR}</arg>
</arguments>
<msg timestamp="20210324 20:21:51.894" level="INFO">Clicking element 'xpath=//*[@id="register"]'.</msg>
<status status="PASS" starttime="20210324 20:21:51.893" endtime="20210324 20:21:51.976"></status>
</kw>
<status status="PASS" starttime="20210324 20:21:51.892" endtime="20210324 20:21:51.976"></status>
</kw>
<status status="PASS" starttime="20210324 20:21:51.892" endtime="20210324 20:21:51.977"></status>
</kw>
<status status="PASS" starttime="20210324 20:21:51.891" endtime="20210324 20:21:51.977"></status>
</kw>
<status status="PASS" starttime="20210324 20:21:51.890" endtime="20210324 20:21:51.977"></status>
</kw>
<kw name="Então exibi a mensagem de erro &quot;O campo Senha é obrigatório.&quot;, logo abaixo do campo Senha e não ter cadastrado o usuário" library="BDDpt-br">
<kw name="Run Keyword" library="BuiltIn">
<doc>Executes the given keyword with the given arguments.</doc>
<arguments>
<arg>${Keyword}</arg>
</arguments>
<kw name="Exibi a mensagem de erro &quot;O campo Senha é obrigatório.&quot;, logo abaixo do campo Senha e não ter cadastrado o usuário" library="CadastrarUsuarioSenhaVazio">
<kw name="Mensagem de erro abaixo do campo Senha" library="Resource">
<kw name="Element Text Should Be" library="SeleniumLibrary">
<doc>Verifies that element ``locator`` contains exact the text ``expected``.</doc>
<arguments>
<arg>${MENSAGEM_ERRO_SENHA}</arg>
<arg>@{TEXT_ERRO_SENHA}</arg>
</arguments>
<msg timestamp="20210324 20:21:51.981" level="INFO">Verifying element 'xpath=//*[@id="root"]/div/div/div[2]/form/div[3]/p' contains exact text 'O campo Senha é obrigatório.'.</msg>
<status status="PASS" starttime="20210324 20:21:51.981" endtime="20210324 20:21:52.142"></status>
</kw>
<kw name="Capture Page Screenshot" library="SeleniumLibrary">
<doc>Takes a screenshot of the current page and embeds it into a log file.</doc>
<arguments>
<arg>CT_04_Mensagem_de_Erro_Senha_04.png</arg>
</arguments>
<msg timestamp="20210324 20:21:52.597" level="INFO" html="yes">&lt;/td&gt;&lt;/tr&gt;&lt;tr&gt;&lt;td colspan="3"&gt;&lt;a href="CT_04_Mensagem_de_Erro_Senha_04.png"&gt;&lt;img src="CT_04_Mensagem_de_Erro_Senha_04.png" width="800px"&gt;&lt;/a&gt;</msg>
<status status="PASS" starttime="20210324 20:21:52.142" endtime="20210324 20:21:52.597"></status>
</kw>
<status status="PASS" starttime="20210324 20:21:51.980" endtime="20210324 20:21:52.597"></status>
</kw>
<status status="PASS" starttime="20210324 20:21:51.980" endtime="20210324 20:21:52.597"></status>
</kw>
<status status="PASS" starttime="20210324 20:21:51.979" endtime="20210324 20:21:52.597"></status>
</kw>
<status status="PASS" starttime="20210324 20:21:51.978" endtime="20210324 20:21:52.598"></status>
</kw>
<kw name="Fechar navegador" library="Resource" type="teardown">
<kw name="Close Browser" library="SeleniumLibrary">
<doc>Closes the current browser.</doc>
<status status="PASS" starttime="20210324 20:21:52.600" endtime="20210324 20:21:55.014"></status>
</kw>
<status status="PASS" starttime="20210324 20:21:52.599" endtime="20210324 20:21:55.014"></status>
</kw>
<status status="PASS" starttime="20210324 20:21:44.952" endtime="20210324 20:21:55.015" critical="yes"></status>
</test>
<doc>Web system Cadastro de usuários
Suite de teste do sistema Cadastro de usuários
Verficação da funcionalidade de cadastramento de usuários</doc>
<status status="PASS" starttime="20210324 20:21:44.519" endtime="20210324 20:21:55.017"></status>
</suite>
<status status="PASS" starttime="20210324 20:21:44.471" endtime="20210324 20:21:55.022"></status>
</suite>
<statistics>
<total>
<stat pass="1" fail="0">Critical Tests</stat>
<stat pass="1" fail="0">All Tests</stat>
</total>
<tag>
</tag>
<suite>
<stat pass="1" fail="0" id="s1" name="Tests">Tests</stat>
<stat pass="1" fail="0" id="s1-s1" name="CasosDeTesteCadastroDeUsuariosBDD">Tests.CasosDeTesteCadastroDeUsuariosBDD</stat>
</suite>
</statistics>
<errors>
</errors>
</robot>
